timestamp,message,seq_num,resource,event
0.000000000,mom,0,cashier,pipe.in
0.000000000,single,0,cashier,pipe.in
0.000000000,mom,0,cashier,pipe.out
38.835903268,mom,0,cashier,resource.serve
38.835903268,single,0,cashier,pipe.out
81.183297661,mom,1,cashier,pipe.in
100.632210656,single,0,cashier,resource.serve
100.632210656,mom,1,cashier,pipe.out
139.005069969,mom,2,cashier,pipe.in
154.612825420,mom,3,cashier,pipe.in
163.862877549,mom,4,cashier,pipe.in
194.452495418,mom,5,cashier,pipe.in
210.003343961,mom,1,cashier,resource.serve
210.003343961,mom,2,cashier,pipe.out
211.826656151,mom,6,cashier,pipe.in
259.870352108,mom,2,cashier,resource.serve
259.870352108,mom,3,cashier,pipe.out
299.642775394,mom,7,cashier,pipe.in
339.661626687,mom,3,cashier,resource.serve
339.661626687,mom,4,cashier,pipe.out
386.746386200,mom,8,cashier,pipe.in
439.287497527,mom,4,cashier,resource.serve
439.287497527,mom,5,cashier,pipe.out
464.910712567,mom,9,cashier,pipe.in
475.188818875,mom,10,cashier,pipe.in
506.217104339,mom,11,cashier,pipe.in
542.998076990,mom,12,cashier,pipe.in
615.867880305,mom,5,cashier,resource.serve
615.867880305,mom,6,cashier,pipe.out
669.850115397,mom,13,cashier,pipe.in
679.068597039,mom,6,cashier,resource.serve
679.068597039,mom,7,cashier,pipe.out
694.198113722,mom,14,cashier,pipe.in
741.523476195,mom,15,cashier,pipe.in
791.184420148,mom,7,cashier,resource.serve
791.184420148,mom,8,cashier,pipe.out
869.451602275,mom,16,cashier,pipe.in
880.188835409,mom,8,cashier,resource.serve
880.188835409,mom,9,cashier,pipe.out
909.310268412,single,1,cashier,pipe.in
934.780969755,mom,17,cashier,pipe.in
966.086026253,mom,9,cashier,resource.serve
966.086026253,mom,10,cashier,pipe.out
1033.349141110,mom,18,cashier,pipe.in
1051.349932333,mom,19,cashier,pipe.in
1082.380142212,mom,10,cashier,resource.serve
1082.380142212,mom,11,cashier,pipe.out
1102.465151401,mom,11,cashier,resource.serve
1102.465151401,mom,12,cashier,pipe.out
1146.294704376,mom,12,cashier,resource.serve
1146.294704376,mom,13,cashier,pipe.out
1161.253425117,mom,20,cashier,pipe.in
1168.221105986,mom,13,cashier,resource.serve
1168.221105986,mom,14,cashier,pipe.out
1202.040254665,mom,14,cashier,resource.serve
1202.040254665,mom,15,cashier,pipe.out
1243.837790370,mom,21,cashier,pipe.in
1286.830122818,mom,15,cashier,resource.serve
1286.830122818,mom,16,cashier,pipe.out
1353.504190209,mom,22,cashier,pipe.in
1363.202398052,mom,16,cashier,resource.serve
1363.202398052,single,1,cashier,pipe.out
1427.222387209,mom,23,cashier,pipe.in
1454.511531989,single,1,cashier,resource.serve
1454.511531989,mom,17,cashier,pipe.out
1497.611418827,mom,24,cashier,pipe.in
1517.684367523,mom,25,cashier,pipe.in
1552.523726646,mom,26,cashier,pipe.in
1556.660920423,mom,17,cashier,resource.serve
1556.660920423,mom,18,cashier,pipe.out
1628.071961421,mom,18,cashier,resource.serve
1628.071961421,mom,19,cashier,pipe.out
1692.401936101,mom,19,cashier,resource.serve
1692.401936101,mom,20,cashier,pipe.out
1754.527385193,mom,27,cashier,pipe.in
1832.203043582,mom,20,cashier,resource.serve
1832.203043582,mom,21,cashier,pipe.out
1855.308075768,mom,28,cashier,pipe.in
1870.578440469,mom,29,cashier,pipe.in
1910.828757296,mom,21,cashier,resource.serve
1910.828757296,mom,22,cashier,pipe.out
1913.241471872,mom,30,cashier,pipe.in
1995.535877651,mom,31,cashier,pipe.in
2024.757165376,mom,22,cashier,resource.serve
2024.757165376,mom,23,cashier,pipe.out
2036.566748824,mom,32,cashier,pipe.in
2095.138652428,mom,33,cashier,pipe.in
2119.598778946,mom,23,cashier,resource.serve
2119.598778946,mom,24,cashier,pipe.out
2130.323192866,mom,34,cashier,pipe.in
2164.122665001,mom,35,cashier,pipe.in
2225.245117132,mom,36,cashier,pipe.in
2285.868737057,mom,24,cashier,resource.serve
2285.868737057,mom,25,cashier,pipe.out
2314.942330379,mom,37,cashier,pipe.in
2360.352597889,mom,38,cashier,pipe.in
2387.673692438,mom,39,cashier,pipe.in
2404.647149458,mom,25,cashier,resource.serve
2404.647149458,mom,26,cashier,pipe.out
2440.378730442,mom,40,cashier,pipe.in
2536.012513627,mom,26,cashier,resource.serve
2536.012513627,mom,27,cashier,pipe.out
2655.512655936,mom,27,cashier,resource.serve
2655.512655936,mom,28,cashier,pipe.out
2724.945293630,mom,28,cashier,resource.serve
2724.945293630,mom,29,cashier,pipe.out
2770.586778290,mom,41,cashier,pipe.in
2800.321925181,mom,29,cashier,resource.serve
2800.321925181,mom,30,cashier,pipe.out
2826.821925946,mom,42,cashier,pipe.in
2860.556423767,mom,43,cashier,pipe.in
2884.553382979,mom,44,cashier,pipe.in
2891.115533082,mom,45,cashier,pipe.in
2936.241637681,mom,30,cashier,resource.serve
2936.241637681,mom,31,cashier,pipe.out
2984.961094742,mom,31,cashier,resource.serve
2984.961094742,mom,32,cashier,pipe.out
3003.120066343,mom,46,cashier,pipe.in
3038.243639507,mom,47,cashier,pipe.in
3058.746354920,mom,48,cashier,pipe.in
3059.211951149,mom,49,cashier,pipe.in
3070.804817043,mom,50,cashier,pipe.in
3077.429640822,mom,32,cashier,resource.serve
3077.429640822,mom,33,cashier,pipe.out
3108.038011640,mom,33,cashier,resource.serve
3108.038011640,mom,34,cashier,pipe.out
3116.436742500,mom,51,cashier,pipe.in
3121.972205265,mom,52,cashier,pipe.in
3126.886933189,mom,53,cashier,pipe.in
3141.915664380,mom,54,cashier,pipe.in
3158.088031277,mom,55,cashier,pipe.in
3189.329488109,mom,34,cashier,resource.serve
3189.329488109,mom,35,cashier,pipe.out
3193.838943511,mom,56,cashier,pipe.in
3255.920848006,mom,57,cashier,pipe.in
3300.303489982,mom,58,cashier,pipe.in
3327.447267248,mom,59,cashier,pipe.in
3356.851474238,mom,60,cashier,pipe.in
3397.131335917,mom,35,cashier,resource.serve
3397.131335917,mom,36,cashier,pipe.out
3425.011208982,mom,61,cashier,pipe.in
3433.294677117,mom,62,cashier,pipe.in
3461.647124258,mom,36,cashier,resource.serve
3461.647124258,mom,37,cashier,pipe.out
3499.835601957,mom,63,cashier,pipe.in
3541.035278963,mom,37,cashier,resource.serve
3541.035278963,mom,38,cashier,pipe.out
3576.467579066,mom,64,cashier,pipe.in
3582.239308958,mom,65,cashier,pipe.in
3620.060630710,mom,38,cashier,resource.serve
3620.060630710,mom,39,cashier,pipe.out
3712.189379585,mom,39,cashier,resource.serve
3712.189379585,mom,40,cashier,pipe.out
3742.200789862,mom,66,cashier,pipe.in
3839.102422737,mom,40,cashier,resource.serve
3839.102422737,mom,41,cashier,pipe.out
3921.104020067,mom,41,cashier,resource.serve
3921.104020067,mom,42,cashier,pipe.out
3996.099012398,mom,42,cashier,resource.serve
3996.099012398,mom,43,cashier,pipe.out
4041.887227854,mom,67,cashier,pipe.in
4108.897178575,mom,68,cashier,pipe.in
4126.856075832,mom,43,cashier,resource.serve
4126.856075832,mom,44,cashier,pipe.out
4276.056311324,mom,44,cashier,resource.serve
4276.056311324,mom,45,cashier,pipe.out
4349.545166858,mom,45,cashier,resource.serve
4349.545166858,mom,46,cashier,pipe.out
4351.142496692,mom,69,cashier,pipe.in
4414.086716200,mom,46,cashier,resource.serve
4414.086716200,mom,47,cashier,pipe.out
4467.040900972,mom,47,cashier,resource.serve
4467.040900972,mom,48,cashier,pipe.out
4475.884673721,mom,70,cashier,pipe.in
4514.621473152,mom,48,cashier,resource.serve
4514.621473152,mom,49,cashier,pipe.out
4607.274062150,mom,49,cashier,resource.serve
4607.274062150,mom,50,cashier,pipe.out
4677.584269025,mom,50,cashier,resource.serve
4677.584269025,mom,51,cashier,pipe.out
4737.398928536,single,2,cashier,pipe.in
4842.727443485,mom,51,cashier,resource.serve
4842.727443485,mom,52,cashier,pipe.out
4973.957747326,mom,52,cashier,resource.serve
4973.957747326,mom,53,cashier,pipe.out
5069.839703741,mom,53,cashier,resource.serve
5069.839703741,mom,54,cashier,pipe.out
5149.322585061,mom,54,cashier,resource.serve
5149.322585061,mom,55,cashier,pipe.out
5338.137595235,mom,55,cashier,resource.serve
5338.137595235,mom,56,cashier,pipe.out
5398.910963802,mom,56,cashier,resource.serve
5398.910963802,mom,57,cashier,pipe.out
5495.573453637,mom,57,cashier,resource.serve
5495.573453637,mom,58,cashier,pipe.out
5530.906161297,mom,58,cashier,resource.serve
5530.906161297,mom,59,cashier,pipe.out
5583.543944579,mom,71,cashier,pipe.in
5591.981689190,mom,59,cashier,resource.serve
5591.981689190,mom,60,cashier,pipe.out
5660.422538094,mom,60,cashier,resource.serve
5660.422538094,mom,61,cashier,pipe.out
5691.598404901,single,3,cashier,pipe.in
5727.275054753,mom,72,cashier,pipe.in
5740.725956295,mom,61,cashier,resource.serve
5740.725956295,mom,62,cashier,pipe.out
5807.830689941,mom,62,cashier,resource.serve
5807.830689941,mom,63,cashier,pipe.out
5920.479065315,mom,63,cashier,resource.serve
5920.479065315,mom,64,cashier,pipe.out
5998.097898256,mom,64,cashier,resource.serve
5998.097898256,mom,65,cashier,pipe.out
6059.220231351,mom,65,cashier,resource.serve
6059.220231351,mom,66,cashier,pipe.out
6107.270863397,mom,66,cashier,resource.serve
6107.270863397,mom,67,cashier,pipe.out
6325.954593567,mom,67,cashier,resource.serve
6325.954593567,mom,68,cashier,pipe.out
6372.633023844,mom,68,cashier,resource.serve
6372.633023844,mom,69,cashier,pipe.out
6449.759225804,mom,69,cashier,resource.serve
6449.759225804,mom,70,cashier,pipe.out
6477.764616752,mom,73,cashier,pipe.in
6496.670829666,mom,70,cashier,resource.serve
6496.670829666,single,2,cashier,pipe.out
6550.311258946,single,2,cashier,resource.serve
6550.311258946,mom,71,cashier,pipe.out
6639.219374537,single,4,cashier,pipe.in
6672.865196964,mom,71,cashier,resource.serve
6672.865196964,single,3,cashier,pipe.out
6719.218890840,single,3,cashier,resource.serve
6719.218890840,mom,72,cashier,pipe.out
6747.457714888,mom,72,cashier,resource.serve
6747.457714888,mom,73,cashier,pipe.out
6775.985801371,mom,73,cashier,resource.serve
6775.985801371,single,4,cashier,pipe.out
6820.666458098,single,4,cashier,resource.serve
7489.694373949,mom,74,cashier,pipe.in
7489.694373949,mom,74,cashier,pipe.out
7505.226337161,mom,75,cashier,pipe.in
7552.251469075,mom,74,cashier,resource.serve
7552.251469075,mom,75,cashier,pipe.out
7691.532307097,mom,75,cashier,resource.serve
8351.006739472,mom,76,cashier,pipe.in
8351.006739472,mom,76,cashier,pipe.out
8410.204785450,mom,76,cashier,resource.serve
8472.017822452,mom,77,cashier,pipe.in
8472.017822452,mom,77,cashier,pipe.out
8497.207984920,mom,78,cashier,pipe.in
8569.425862816,mom,77,cashier,resource.serve
8569.425862816,mom,78,cashier,pipe.out
8601.989130089,mom,79,cashier,pipe.in
8614.744686236,mom,80,cashier,pipe.in
8627.569860702,mom,78,cashier,resource.serve
8627.569860702,mom,79,cashier,pipe.out
8716.810098411,mom,79,cashier,resource.serve
8716.810098411,mom,80,cashier,pipe.out
8792.778475080,mom,81,cashier,pipe.in
8806.159262323,mom,80,cashier,resource.serve
8806.159262323,mom,81,cashier,pipe.out
8889.954982160,mom,81,cashier,resource.serve
8907.401484337,mom,82,cashier,pipe.in
8907.401484337,mom,82,cashier,pipe.out
8939.608251404,mom,83,cashier,pipe.in
8964.604834195,mom,82,cashier,resource.serve
8964.604834195,mom,83,cashier,pipe.out
9062.993184276,mom,84,cashier,pipe.in
9090.647409906,mom,83,cashier,resource.serve
9090.647409906,mom,84,cashier,pipe.out
9148.210842949,mom,84,cashier,resource.serve
9207.874148110,mom,85,cashier,pipe.in
9207.874148110,mom,85,cashier,pipe.out
9278.171619613,mom,85,cashier,resource.serve
9475.197847583,mom,86,cashier,pipe.in
9475.197847583,mom,86,cashier,pipe.out
9571.763959797,mom,86,cashier,resource.serve
9709.030714520,mom,87,cashier,pipe.in
9709.030714520,mom,87,cashier,pipe.out
9891.236128851,mom,87,cashier,resource.serve
9973.836124723,mom,88,cashier,pipe.in
9973.836124723,mom,88,cashier,pipe.out
9996.401444571,mom,88,cashier,resource.serve
10006.939900957,mom,89,cashier,pipe.in
10006.939900957,mom,89,cashier,pipe.out
10075.145934531,mom,89,cashier,resource.serve
10093.863883464,mom,90,cashier,pipe.in
10093.863883464,mom,90,cashier,pipe.out
10179.900173939,mom,90,cashier,resource.serve
10750.663092035,mom,91,cashier,pipe.in
10750.663092035,mom,91,cashier,pipe.out
10806.703935604,mom,91,cashier,resource.serve
11076.849539938,mom,92,cashier,pipe.in
11076.849539938,mom,92,cashier,pipe.out
11161.280562569,mom,92,cashier,resource.serve
12393.025009353,single,5,cashier,pipe.in
12393.025009353,single,5,cashier,pipe.out
12404.516321082,single,6,cashier,pipe.in
12412.670422354,single,7,cashier,pipe.in
12413.923264500,single,5,cashier,resource.serve
12413.923264500,single,6,cashier,pipe.out
12418.184048281,single,8,cashier,pipe.in
12451.516600751,single,6,cashier,resource.serve
12451.516600751,single,7,cashier,pipe.out
12462.030782168,single,7,cashier,resource.serve
12462.030782168,single,8,cashier,pipe.out
12469.906255137,single,9,cashier,pipe.in
12477.339447816,single,8,cashier,resource.serve
12477.339447816,single,9,cashier,pipe.out
12494.737494605,single,9,cashier,resource.serve
12508.139571170,single,10,cashier,pipe.in
12508.139571170,single,10,cashier,pipe.out
12519.556069914,single,10,cashier,resource.serve
12612.451316022,single,11,cashier,pipe.in
12612.451316022,single,11,cashier,pipe.out
12659.089865518,single,12,cashier,pipe.in
12666.890942584,single,11,cashier,resource.serve
12666.890942584,single,12,cashier,pipe.out
12669.572701252,single,13,cashier,pipe.in
12682.120468327,single,14,cashier,pipe.in
12687.383390735,single,15,cashier,pipe.in
12711.142348981,single,16,cashier,pipe.in
12723.514801372,single,17,cashier,pipe.in
12758.544697218,single,12,cashier,resource.serve
12758.544697218,single,13,cashier,pipe.out
12777.916199237,single,13,cashier,resource.serve
12777.916199237,single,14,cashier,pipe.out
12790.626074713,single,18,cashier,pipe.in
12795.218728050,single,14,cashier,resource.serve
12795.218728050,single,15,cashier,pipe.out
12806.418462308,single,19,cashier,pipe.in
12815.665814561,single,20,cashier,pipe.in
12826.254868390,single,21,cashier,pipe.in
12827.782157105,single,22,cashier,pipe.in
12851.714905321,single,23,cashier,pipe.in
12856.717445096,single,24,cashier,pipe.in
12856.832131197,single,25,cashier,pipe.in
12867.299689221,single,26,cashier,pipe.in
12874.772441913,single,15,cashier,resource.serve
12874.772441913,single,16,cashier,pipe.out
12881.932661413,single,16,cashier,resource.serve
12881.932661413,single,17,cashier,pipe.out
12886.936435235,single,27,cashier,pipe.in
12927.065420153,single,17,cashier,resource.serve
12927.065420153,single,18,cashier,pipe.out
12934.960262522,single,18,cashier,resource.serve
12934.960262522,single,19,cashier,pipe.out
12942.629037445,single,28,cashier,pipe.in
12968.179732959,single,19,cashier,resource.serve
12968.179732959,single,20,cashier,pipe.out
12997.063687550,single,29,cashier,pipe.in
13004.186764525,single,20,cashier,resource.serve
13004.186764525,single,21,cashier,pipe.out
13013.096068940,single,30,cashier,pipe.in
13014.755880702,single,21,cashier,resource.serve
13014.755880702,single,22,cashier,pipe.out
13016.615377756,mom,93,cashier,pipe.in
13038.889581447,single,22,cashier,resource.serve
13038.889581447,single,23,cashier,pipe.out
13067.326594735,single,23,cashier,resource.serve
13067.326594735,single,24,cashier,pipe.out
13068.223355148,single,31,cashier,pipe.in
13073.008975211,single,32,cashier,pipe.in
13078.703102706,single,33,cashier,pipe.in
13087.346834131,single,24,cashier,resource.serve
13087.346834131,single,25,cashier,pipe.out
13128.282974130,single,34,cashier,pipe.in
13135.049340141,single,35,cashier,pipe.in
13188.941910746,single,36,cashier,pipe.in
13200.500735239,single,37,cashier,pipe.in
13203.232218876,single,38,cashier,pipe.in
13218.425027955,single,39,cashier,pipe.in
13221.841551942,single,25,cashier,resource.serve
13221.841551942,single,26,cashier,pipe.out
13276.693607619,single,40,cashier,pipe.in
13278.151489838,single,26,cashier,resource.serve
13278.151489838,single,27,cashier,pipe.out
13292.749329256,single,41,cashier,pipe.in
13338.111138615,single,42,cashier,pipe.in
13366.380680449,single,27,cashier,resource.serve
13366.380680449,single,28,cashier,pipe.out
13384.030520724,single,28,cashier,resource.serve
13384.030520724,single,29,cashier,pipe.out
13398.740718393,single,43,cashier,pipe.in
13399.927356473,single,44,cashier,pipe.in
13419.435173847,single,29,cashier,resource.serve
13419.435173847,single,30,cashier,pipe.out
13435.112605307,single,45,cashier,pipe.in
13438.879449459,single,30,cashier,resource.serve
13438.879449459,mom,93,cashier,pipe.out
13503.312530027,single,46,cashier,pipe.in
13511.922609580,single,47,cashier,pipe.in
13513.479075139,single,48,cashier,pipe.in
13550.065269986,single,49,cashier,pipe.in
13551.607904224,mom,93,cashier,resource.serve
13551.607904224,single,31,cashier,pipe.out
13563.847956607,single,50,cashier,pipe.in
13569.713213327,single,51,cashier,pipe.in
13581.966513345,single,31,cashier,resource.serve
13581.966513345,single,32,cashier,pipe.out
13596.233746507,single,52,cashier,pipe.in
13597.068775346,single,53,cashier,pipe.in
13602.403392989,single,54,cashier,pipe.in
13625.471117999,single,32,cashier,resource.serve
13625.471117999,single,33,cashier,pipe.out
13634.105020683,single,33,cashier,resource.serve
13634.105020683,single,34,cashier,pipe.out
13647.804070516,single,55,cashier,pipe.in
13667.083237114,single,56,cashier,pipe.in
13698.353447248,single,57,cashier,pipe.in
13744.580039258,single,34,cashier,resource.serve
13744.580039258,single,35,cashier,pipe.out
13746.766587141,single,58,cashier,pipe.in
13784.032337100,single,35,cashier,resource.serve
13784.032337100,single,36,cashier,pipe.out
13784.187664615,single,59,cashier,pipe.in
13797.189871359,single,36,cashier,resource.serve
13797.189871359,single,37,cashier,pipe.out
13827.974041409,single,37,cashier,resource.serve
13827.974041409,single,38,cashier,pipe.out
13841.420187996,single,60,cashier,pipe.in
13866.149118329,single,61,cashier,pipe.in
13868.128090227,single,62,cashier,pipe.in
13881.748629206,single,38,cashier,resource.serve
13881.748629206,single,39,cashier,pipe.out
13898.827230773,single,63,cashier,pipe.in
13905.088185383,single,64,cashier,pipe.in
13948.593899745,single,65,cashier,pipe.in
13955.663630762,single,39,cashier,resource.serve
13955.663630762,single,40,cashier,pipe.out
13986.397504470,single,40,cashier,resource.serve
13986.397504470,single,41,cashier,pipe.out
13997.702770902,single,66,cashier,pipe.in
14023.041666208,single,41,cashier,resource.serve
14023.041666208,single,42,cashier,pipe.out
14068.928929814,single,67,cashier,pipe.in
14088.747742786,single,42,cashier,resource.serve
14088.747742786,single,43,cashier,pipe.out
14107.828010949,single,68,cashier,pipe.in
14118.536610225,single,69,cashier,pipe.in
14132.024255807,single,43,cashier,resource.serve
14132.024255807,single,44,cashier,pipe.out
14140.919329274,single,44,cashier,resource.serve
14140.919329274,single,45,cashier,pipe.out
14153.766700055,single,45,cashier,resource.serve
14153.766700055,single,46,cashier,pipe.out
14168.311364638,single,46,cashier,resource.serve
14168.311364638,single,47,cashier,pipe.out
14173.634049034,single,70,cashier,pipe.in
14187.575335691,single,71,cashier,pipe.in
14198.021709323,single,72,cashier,pipe.in
14217.098444635,single,73,cashier,pipe.in
14219.384700205,single,47,cashier,resource.serve
14219.384700205,single,48,cashier,pipe.out
14226.862887141,single,48,cashier,resource.serve
14226.862887141,single,49,cashier,pipe.out
14243.145834896,single,74,cashier,pipe.in
14247.578752527,single,75,cashier,pipe.in
14260.165820380,single,76,cashier,pipe.in
14293.124530443,single,49,cashier,resource.serve
14293.124530443,single,50,cashier,pipe.out
14308.958468389,single,50,cashier,resource.serve
14308.958468389,single,51,cashier,pipe.out
14327.170221741,single,77,cashier,pipe.in
14337.317214596,single,51,cashier,resource.serve
14337.317214596,single,52,cashier,pipe.out
14370.133244608,single,78,cashier,pipe.in
14374.290629397,single,79,cashier,pipe.in
14385.186486143,single,52,cashier,resource.serve
14385.186486143,single,53,cashier,pipe.out
